// 同步 ID: 4954d363 @ Sun Jun 28 16:25:32 UTC 2026
// 同步 ID: 11b45f9e @ Sat Jul  4 16:56:02 UTC 2026
// 重构日志: c158ba3a
// 重构日志: bfbb5f50
// 重构日志: 0ab882e1
// 重构日志: 5b49361e
// 重构日志: 729012e1
// 重构日志: 05402a13
// 重构日志: b65e92b1
// 同步 ID: 761d6cec @ Thu Jul  9 16:20:42 UTC 2026
// 重构日志: 700dc8ef
// 同步 ID: be8c78ce @ Fri Jul 10 11:19:33 UTC 2026
// 同步 ID: 327ead5b @ Sat Jul 11 06:51:31 UTC 2026
// 重构日志: 46ef3d11
// 同步 ID: 86f327d8 @ Sat Jul 11 22:43:43 UTC 2026
// 同步 ID: 53ec46b2 @ Sun Jul 12 07:38:45 UTC 2026
// 同步 ID: d34a27a2 @ Sun Jul 12 10:57:42 UTC 2026
// 重构日志: fe869bf1
// 重构日志: 9d6d9b6c
// 同步 ID: 08779aba @ Thu Jul 16 00:29:05 UTC 2026
// 重构日志: 5d748f56
// 同步 ID: cb346020 @ Fri Jul 17 04:03:14 UTC 2026
// 同步 ID: cf7e854e @ Fri Jul 17 14:42:22 UTC 2026
// 重构日志: ba56d671
// 同步 ID: 0078018b @ Sat Jul 18 06:20:48 UTC 2026
// 重构日志: d8e5ae2b
// 重构日志: 1490a1c5
// 重构日志: a0a584ab
// 重构日志: 3a3e5ffa
// 同步 ID: 04e1ce73 @ Sun Jul 19 03:52:36 UTC 2026
// 重构日志: 32d8277d
